Arguments: 
  /home/gabrieldantas/.nvm/versions/node/v14.18.1/bin/node /home/gabrieldantas/.nvm/versions/node/v14.18.1/bin/yarn add nodemailer @type/nodemailer

PATH: 
  /home/gabrieldantas/.nvm/versions/node/v14.18.1/bin:/usr/local/sbin:/usr/local/bin:/usr/sbin:/usr/bin:/sbin:/bin:/usr/games:/usr/local/games:/snap/bin

Yarn version: 
  1.22.17

Node version: 
  14.18.1

Platform: 
  linux x64

Trace: 
  Error: https://registry.yarnpkg.com/@type%2fnodemailer: Not found
      at Request.params.callback [as _callback] (/home/gabrieldantas/.nvm/versions/node/v14.18.1/lib/node_modules/yarn/lib/cli.js:67029:18)
      at Request.self.callback (/home/gabrieldantas/.nvm/versions/node/v14.18.1/lib/node_modules/yarn/lib/cli.js:140883:22)
      at Request.emit (events.js:400:28)
      at Request.<anonymous> (/home/gabrieldantas/.nvm/versions/node/v14.18.1/lib/node_modules/yarn/lib/cli.js:141855:10)
      at Request.emit (events.js:400:28)
      at IncomingMessage.<anonymous> (/home/gabrieldantas/.nvm/versions/node/v14.18.1/lib/node_modules/yarn/lib/cli.js:141777:12)
      at Object.onceWrapper (events.js:519:28)
      at IncomingMessage.emit (events.js:412:35)
      at endReadableNT (internal/streams/readable.js:1334:12)
      at processTicksAndRejections (internal/process/task_queues.js:82:21)

npm manifest: 
  {
    "name": "server",
    "version": "1.0.0",
    "description": "",
    "main": "index.js",
    "scripts": {
      "test": "echo \"Error: no test specified\" && exit 1",
      "dev": "ts-node-dev src/server.ts"
    },
    "keywords": [],
    "author": "",
    "license": "ISC",
    "devDependencies": {
      "@types/express": "^4.17.13",
      "@types/node": "^17.0.35",
      "prisma": "^3.14.0",
      "ts-node-dev": "^2.0.0",
      "typescript": "^4.7.2"
    },
    "dependencies": {
      "@prisma/client": "^3.14.0",
      "express": "^4.18.1"
    }
  }

yarn manifest: 
  No manifest

Lockfile: 
  No lockfile
